MyApplication/app/build/intermediates/proguard-rules/release/aapt_rules.txt
# view res/layout/design_navigation_item.xml #generated:17
-keep class android.support.design.internal.NavigationMenuItemView { <init>(...); }

# view res/layout/design_navigation_menu.xml #generated:17
-keep class android.support.design.internal.NavigationMenuView { <init>(...); }

# view res/layout/activity_activation_account.xml #generated:10
# view res/layout/activity_add_adress.xml #generated:9
# view res/layout/activity_addressctivity.xml #generated:10
# view res/layout/activity_brand.xml #generated:8
# view res/layout/activity_cart.xml #generated:12
# view res/layout/activity_category.xml #generated:9
# view res/layout/activity_category_hero.xml #generated:8
# view res/layout/activity_category_level1.xml #generated:9
# view res/layout/activity_cek_ticket.xml #generated:11
# view res/layout/activity_change_password.xml #generated:9
# view res/layout/activity_change_profile.xml #generated:8
# view res/layout/activity_chat.xml #generated:8
# view res/layout/activity_choose_sit.xml #generated:10
# view res/layout/activity_direct_login.xml #generated:10
# view res/layout/activity_filter.xml #generated:9
# view res/layout/activity_filter_kai.xml #generated:9
# view res/layout/activity_forgot_password.xml #generated:8
# view res/layout/activity_list_ticket_kai.xml #generated:11
# view res/layout/activity_login.xml #generated:8
# view res/layout/activity_map_plaza.xml #generated:9
# view res/layout/activity_menu_profile.xml #generated:9
# view res/layout/activity_merge_cart.xml #generated:10
# view res/layout/activity_my_ticket_list.xml #generated:9
# view res/layout/activity_new_profile_kai.xml #generated:9
# view res/layout/activity_notification.xml #generated:10
# view res/layout/activity_order_summary.xml #generated:8
# view res/layout/activity_order_summary_kai.xml #generated:9
# view res/layout/activity_passenger.xml #generated:9
# view res/layout/activity_payment.xml #generated:11
# view res/layout/activity_payment_electronic.xml #generated:10
# view res/layout/activity_payment_electronic_kai.xml #generated:10
# view res/layout/activity_payment_kai.xml #generated:9
# view res/layout/activity_payment_list.xml #generated:8
# view res/layout/activity_payment_third_party.xml #generated:8
# view res/layout/activity_postcode_coverage.xml #generated:10
# view res/layout/activity_product.xml #generated:10
# view res/layout/activity_profile.xml #generated:10
# view res/layout/activity_profile_kai.xml #generated:9
# view res/layout/activity_refund.xml #generated:8
# view res/layout/activity_register.xml #generated:8
# view res/layout/activity_retur.xml #generated:8
# view res/layout/activity_review.xml #generated:10
# view res/layout/activity_scanner.xml #generated:9
# view res/layout/activity_search_result.xml #generated:9
# view res/layout/activity_shipping.xml #generated:11
# view res/layout/activity_shipping_list_time.xml #generated:10
# view res/layout/activity_shipping_time.xml #generated:9
# view res/layout/activity_store_list.xml #generated:9
# view res/layout/activity_success_verifivation.xml #generated:10
# view res/layout/activity_thankyou_page.xml #generated:9
# view res/layout/activity_thankyou_page_kai.xml #generated:9
# view res/layout/activity_verification_phone.xml #generated:10
# view res/layout/activity_virtual_category.xml #generated:12
# view res/layout/activity_web_view.xml #generated:9
# view res/layout/activity_wishlist.xml #generated:10
# view res/layout/app_bar_main.xml #generated:10
# view res/layout/app_bar_main_hotel.xml #generated:10
# view res/layout/app_bar_main_kai.xml #generated:10
# view res/layout/map_layout.xml #generated:9
-keep class android.support.design.widget.AppBarLayout { <init>(...); }

# view res/layout/app_bar_main.xml #generated:2
# view res/layout/app_bar_main_hotel.xml #generated:2
# view res/layout/app_bar_main_kai.xml #generated:2
# view res/layout/design_bottom_sheet_dialog.xml #generated:17
-keep class android.support.design.widget.CoordinatorLayout { <init>(...); }

# view res/layout/activity_category.xml #generated:198
# view res/layout/activity_wishlist.xml #generated:95
# view res/layout/fragment_wishlist.xml #generated:75
-keep class android.support.design.widget.FloatingActionButton { <init>(...); }

# view res/layout/design_layout_snackbar.xml #generated:18
# view sw600dp-v13\res/layout-sw600dp-v13/design_layout_snackbar.xml #generated:18
-keep class android.support.design.widget.Snackbar$SnackbarLayout { <init>(...); }

# view res/layout/activity_virtual_category.xml #generated:103
# view res/layout/activity_virtual_category.xml #generated:108
# view res/layout/activity_virtual_category.xml #generated:114
# view res/layout/activity_virtual_category.xml #generated:85
# view res/layout/activity_virtual_category.xml #generated:91
# view res/layout/activity_virtual_category.xml #generated:97
-keep class android.support.design.widget.TabItem { <init>(...); }

# view res/layout/activity_cart.xml #generated:574
# view res/layout/activity_product.xml #generated:454
# view res/layout/activity_promo_item.xml #generated:35
# view res/layout/activity_virtual_category.xml #generated:75
# view res/layout/content_main.xml #generated:130
# view res/layout/fragment_order_history.xml #generated:10
# view res/layout/listview_promo_payment.xml #generated:33
-keep class android.support.design.widget.TabLayout { <init>(...); }

# view res/layout/activity_cart.xml #generated:607
# view res/layout/activity_full_screen_image.xml #generated:9
# view res/layout/activity_product.xml #generated:192
# view res/layout/activity_profile.xml #generated:33
# view res/layout/activity_promo_item.xml #generated:47
# view res/layout/content_main.xml #generated:145
# view res/layout/fragment_order_history.xml #generated:22
# view res/layout/listview_promo_payment.xml #generated:45
-keep class android.support.v4.view.ViewPager { <init>(...); }

# view res/layout/activity_hotel.xml #generated:2
# view res/layout/activity_kai.xml #generated:2
# view res/layout/activity_main.xml #generated:2
-keep class android.support.v4.widget.DrawerLayout { <init>(...); }

# view res/layout/abc_alert_dialog_material.xml #generated:75
# view res/layout/activity_product.xml #generated:88
-keep class android.support.v4.widget.NestedScrollView { <init>(...); }

# view res/layout/abc_alert_dialog_button_bar_material.xml #generated:40
-keep class android.support.v4.widget.Space { <init>(...); }

# view res/layout/activity_category.xml #generated:177
# view res/layout/activity_category_hero.xml #generated:19
# view res/layout/activity_chat.xml #generated:19
# view res/layout/activity_payment_list.xml #generated:24
# view res/layout/activity_payment_third_party.xml #generated:19
# view res/layout/activity_web_view.xml #generated:20
# view res/layout/content_hotel.xml #generated:11
-keep class android.support.v4.widget.SwipeRefreshLayout { <init>(...); }

# view res/layout/abc_action_menu_item_layout.xml #generated:17
-keep class android.support.v7.view.menu.ActionMenuItemView { <init>(...); }

# view res/layout/abc_expanded_menu_layout.xml #generated:17
-keep class android.support.v7.view.menu.ExpandedMenuView { <init>(...); }

# view res/layout/abc_list_menu_item_layout.xml #generated:17
# view res/layout/abc_popup_menu_item_layout.xml #generated:17
-keep class android.support.v7.view.menu.ListMenuItemView { <init>(...); }

# view res/layout/abc_screen_toolbar.xml #generated:27
-keep class android.support.v7.widget.ActionBarContainer { <init>(...); }

# view res/layout/abc_action_mode_bar.xml #generated:19
# view res/layout/abc_screen_toolbar.xml #generated:43
-keep class android.support.v7.widget.ActionBarContextView { <init>(...); }

# view res/layout/abc_screen_toolbar.xml #generated:17
-keep class android.support.v7.widget.ActionBarOverlayLayout { <init>(...); }

# view res/layout/abc_action_menu_layout.xml #generated:17
-keep class android.support.v7.widget.ActionMenuView { <init>(...); }

# view res/layout/abc_activity_chooser_view.xml #generated:19
-keep class android.support.v7.widget.ActivityChooserView$InnerLayout { <init>(...); }

# view res/layout/activity_change_password.xml #generated:109
# view res/layout/activity_change_password.xml #generated:128
# view res/layout/activity_change_profile.xml #generated:141
# view res/layout/activity_change_profile.xml #generated:160
-keep class android.support.v7.widget.AppCompatButton { <init>(...); }

# view res/layout/abc_alert_dialog_button_bar_material.xml #generated:18
-keep class android.support.v7.widget.ButtonBarLayout { <init>(...); }

# view res/layout/abc_screen_content_include.xml #generated:19
-keep class android.support.v7.widget.ContentFrameLayout { <init>(...); }

# view res/layout/abc_alert_dialog_material.xml #generated:48
-keep class android.support.v7.widget.DialogTitle { <init>(...); }

# view res/layout/abc_screen_simple_overlay_action_mode.xml #generated:23
-keep class android.support.v7.widget.FitWindowsFrameLayout { <init>(...); }

# view res/layout/abc_dialog_title_material.xml #generated:22
# view res/layout/abc_screen_simple.xml #generated:17
-keep class android.support.v7.widget.FitWindowsLinearLayout { <init>(...); }

# view res/layout/activity_cart_promo_single_list_item.xml #generated:199
# view res/layout/activity_cart_single_product_listview.xml #generated:270
# view res/layout/activity_cart_single_product_listview.xml #generated:326
# view res/layout/activity_map_plaza.xml #generated:102
# view res/layout/activity_map_plaza.xml #generated:277
# view res/layout/activity_product.xml #generated:469
# view res/layout/category_payment.xml #generated:33
# view res/layout/content_main.xml #generated:153
# view res/layout/fragment_description.xml #generated:8
# view res/layout/fragment_order_history_single.xml #generated:355
# view res/layout/fragment_order_history_single.xml #generated:507
# view res/layout/fragment_order_history_single.xml #generated:608
# view res/layout/home_category_1.xml #generated:43
# view res/layout/list_payment.xml #generated:112
# view res/layout/map_layout.xml #generated:101
# view res/layout/map_layout.xml #generated:261
-keep class android.support.v7.widget.RecyclerView { <init>(...); }

# view res/layout/activity_map_plaza.xml #generated:90
# view res/layout/app_bar_main.xml #generated:29
# view res/layout/map_layout.xml #generated:90
-keep class android.support.v7.widget.SearchView { <init>(...); }

# view res/layout/abc_search_view.xml #generated:78
-keep class android.support.v7.widget.SearchView$SearchAutoComplete { <init>(...); }

# view res/layout/abc_screen_toolbar.xml #generated:36
# view res/layout/app_bar_main.xml #generated:20
# view res/layout/toolbar.xml #generated:2
# view res/layout/toolbar2.xml #generated:2
# view res/layout/toolbar3.xml #generated:2
# view res/layout/toolbar4.xml #generated:2
# view res/layout/toolbar5.xml #generated:2
# view res/layout/toolbar6.xml #generated:2
# view res/layout/toolbar7.xml #generated:2
# view res/layout/toolbar8.xml #generated:2
# view res/layout/toolbar_yellow.xml #generated:2
-keep class android.support.v7.widget.Toolbar { <init>(...); }

# view res/layout/abc_screen_simple.xml #generated:25
# view res/layout/abc_screen_simple_overlay_action_mode.xml #generated:32
-keep class android.support.v7.widget.ViewStubCompat { <init>(...); }

# view res/layout/activity_payment_list_card.xml #generated:11
# view res/layout/activity_product_related_single.xml #generated:15
# view res/layout/activity_thankyou_page_kai.xml #generated:202
# view res/layout/activity_wishlist_single_item.xml #generated:16
# view res/layout/category_gridview_single_item.xml #generated:12
# view res/layout/fragment_home_gridview_single_item.xml #generated:8
# view res/layout/home_category_1.xml #generated:17
# view res/layout/home_category_1.xml #generated:33
# view res/layout/home_category_2.xml #generated:17
# view res/layout/home_category_2.xml #generated:34
# view res/layout/home_category_2.xml #generated:55
# view res/layout/home_category_2.xml #generated:68
# view res/layout/home_category_2.xml #generated:82
# view res/layout/list_payment.xml #generated:78
# view res/layout/list_payment_kai.xml #generated:53
# view res/layout/pager_item_product.xml #generated:8
-keep class com.android.volley.toolbox.NetworkImageView { <init>(...); }

# view AndroidManifest.xml #generated:64
-keep class com.facebook.CustomTabActivity { <init>(...); }

# view AndroidManifest.xml #generated:60
-keep class com.facebook.FacebookActivity { <init>(...); }

# view res/layout/intro_layout.xml #generated:6
# view res/layout/intro_layout2.xml #generated:10
# view v21\res/layout-v21/intro_layout.xml #generated:7
# view v21\res/layout-v21/intro_layout2.xml #generated:10
-keep class com.github.paolorotolo.appintro.AppIntroViewPager { <init>(...); }

# view AndroidManifest.xml #generated:361
-keep class com.google.android.gms.ads.AdActivity { <init>(...); }

# view AndroidManifest.xml #generated:365
-keep class com.google.android.gms.ads.purchase.InAppPurchaseActivity { <init>(...); }

# view AndroidManifest.xml #generated:368
-keep class com.google.android.gms.appinvite.PreviewActivity { <init>(...); }

# view AndroidManifest.xml #generated:387
-keep class com.google.android.gms.auth.api.signin.RevocationBoundService { <init>(...); }

# view AndroidManifest.xml #generated:378
-keep class com.google.android.gms.auth.api.signin.internal.SignInHubActivity { <init>(...); }

# view AndroidManifest.xml #generated:175
-keep class com.google.android.gms.gcm.GcmReceiver { <init>(...); }

# view res/layout/activity_add_adress.xml #generated:187
# view res/layout/activity_map_plaza.xml #generated:83
# view res/layout/map_layout.xml #generated:82
-keep class com.google.android.gms.location.places.ui.PlaceAutocompleteFragment { <init>(...); }

# view res/layout/activity_add_adress.xml #generated:201
# view res/layout/activity_map_plaza.xml #generated:119
# view res/layout/map_layout.xml #generated:117
-keep class com.google.android.gms.maps.SupportMapFragment { <init>(...); }

# view AndroidManifest.xml #generated:392
-keep class com.google.android.gms.measurement.AppMeasurementContentProvider { <init>(...); }

# view AndroidManifest.xml #generated:397
-keep class com.google.android.gms.measurement.AppMeasurementReceiver { <init>(...); }

# view AndroidManifest.xml #generated:405
-keep class com.google.android.gms.measurement.AppMeasurementService { <init>(...); }

# view AndroidManifest.xml #generated:90
-keep class com.indomaret.klikindomaret.MainActivity { <init>(...); }

# view AndroidManifest.xml #generated:286
-keep class com.indomaret.klikindomaret.activity.ActivationAccountActivity { <init>(...); }

# view AndroidManifest.xml #generated:142
-keep class com.indomaret.klikindomaret.activity.AddAdressActivity { <init>(...); }

# view AndroidManifest.xml #generated:358
-keep class com.indomaret.klikindomaret.activity.AddressActivity { <init>(...); }

# view AndroidManifest.xml #generated:216
-keep class com.indomaret.klikindomaret.activity.BrandActivity { <init>(...); }

# view AndroidManifest.xml #generated:244
-keep class com.indomaret.klikindomaret.activity.CartActivity { <init>(...); }

# view AndroidManifest.xml #generated:224
-keep class com.indomaret.klikindomaret.activity.CategoryActivity { <init>(...); }

# view AndroidManifest.xml #generated:241
-keep class com.indomaret.klikindomaret.activity.CategoryHeroActivity { <init>(...); }

# view AndroidManifest.xml #generated:342
-keep class com.indomaret.klikindomaret.activity.CategoryLevel1Activity { <init>(...); }

# view AndroidManifest.xml #generated:339
-keep class com.indomaret.klikindomaret.activity.CekTicketActivity { <init>(...); }

# view AndroidManifest.xml #generated:137
-keep class com.indomaret.klikindomaret.activity.ChangePasswordActivity { <init>(...); }

# view AndroidManifest.xml #generated:132
-keep class com.indomaret.klikindomaret.activity.ChangeProfileActivity { <init>(...); }

# view AndroidManifest.xml #generated:169
-keep class com.indomaret.klikindomaret.activity.ChatActivity { <init>(...); }

# view AndroidManifest.xml #generated:315
-keep class com.indomaret.klikindomaret.activity.ChooseSeatActivity { <init>(...); }

# view AndroidManifest.xml #generated:290
-keep class com.indomaret.klikindomaret.activity.DirectLoginActivity { <init>(...); }

# view AndroidManifest.xml #generated:344
-keep class com.indomaret.klikindomaret.activity.ErrorPageActivity { <init>(...); }

# view AndroidManifest.xml #generated:281
-keep class com.indomaret.klikindomaret.activity.FilterActivity { <init>(...); }

# view AndroidManifest.xml #generated:335
-keep class com.indomaret.klikindomaret.activity.FilterKAIActivity { <init>(...); }

# view AndroidManifest.xml #generated:122
-keep class com.indomaret.klikindomaret.activity.ForgotPasswordActivity { <init>(...); }

# view AndroidManifest.xml #generated:168
-keep class com.indomaret.klikindomaret.activity.FullScreenImageActivity { <init>(...); }

# view AndroidManifest.xml #generated:295
-keep class com.indomaret.klikindomaret.activity.HomeKAIActivity { <init>(...); }

# view AndroidManifest.xml #generated:147
-keep class com.indomaret.klikindomaret.activity.HotelActivity { <init>(...); }

# view AndroidManifest.xml #generated:164
-keep class com.indomaret.klikindomaret.activity.IntroActivity { <init>(...); }

# view AndroidManifest.xml #generated:299
-keep class com.indomaret.klikindomaret.activity.ListTicketKAIActivity { <init>(...); }

# view AndroidManifest.xml #generated:117
-keep class com.indomaret.klikindomaret.activity.LoginActivity { <init>(...); }

# view AndroidManifest.xml #generated:354
-keep class com.indomaret.klikindomaret.activity.MapActivity { <init>(...); }

# view AndroidManifest.xml #generated:355
-keep class com.indomaret.klikindomaret.activity.MapPlazaActivity { <init>(...); }

# view AndroidManifest.xml #generated:349
-keep class com.indomaret.klikindomaret.activity.MenuProfileActivity { <init>(...); }

# view AndroidManifest.xml #generated:265
-keep class com.indomaret.klikindomaret.activity.MergeCartActivity { <init>(...); }

# view AndroidManifest.xml #generated:331
-keep class com.indomaret.klikindomaret.activity.MyTicketListActivity { <init>(...); }

# view AndroidManifest.xml #generated:307
-keep class com.indomaret.klikindomaret.activity.NewProfileKAIActivity { <init>(...); }

# view AndroidManifest.xml #generated:345
-keep class com.indomaret.klikindomaret.activity.NotificationActivity { <init>(...); }

# view AndroidManifest.xml #generated:249
-keep class com.indomaret.klikindomaret.activity.OrderSummaryActivity { <init>(...); }

# view AndroidManifest.xml #generated:319
-keep class com.indomaret.klikindomaret.activity.OrderSummaryKAIActivity { <init>(...); }

# view AndroidManifest.xml #generated:311
-keep class com.indomaret.klikindomaret.activity.PassengerActivity { <init>(...); }

# view AndroidManifest.xml #generated:357
-keep class com.indomaret.klikindomaret.activity.PaymentActivity { <init>(...); }

# view AndroidManifest.xml #generated:257
-keep class com.indomaret.klikindomaret.activity.PaymentElectronicActivity { <init>(...); }

# view AndroidManifest.xml #generated:323
-keep class com.indomaret.klikindomaret.activity.PaymentKAIActivity { <init>(...); }

# view AndroidManifest.xml #generated:253
-keep class com.indomaret.klikindomaret.activity.PaymentListActivity { <init>(...); }

# view AndroidManifest.xml #generated:277
-keep class com.indomaret.klikindomaret.activity.PaymentThirdPartyActivity { <init>(...); }

# view AndroidManifest.xml #generated:151
-keep class com.indomaret.klikindomaret.activity.PostcodeCoverageActivity { <init>(...); }

# view AndroidManifest.xml #generated:228
-keep class com.indomaret.klikindomaret.activity.ProductActivity { <init>(...); }

# view AndroidManifest.xml #generated:127
-keep class com.indomaret.klikindomaret.activity.ProfileActivity { <init>(...); }

# view AndroidManifest.xml #generated:303