MyApplication/app/build/outputs/mapping/release/seeds.txt
com.indomaret.klikindomaret.JSInterface: void showToast(java.lang.String)
com.indomaret.klikindomaret.JSInterface: void updateTotalItemCart(java.lang.String)
com.indomaret.klikindomaret.JSInterface: void openAndroidDialog()
com.indomaret.klikindomaret.JSInterface: void clearCookies()
com.indomaret.klikindomaret.JSInterface: void pushCustomerDevice()
com.indomaret.klikindomaret.JSInterface: void showPreloader()
com.indomaret.klikindomaret.JSInterface: void sendEmail(java.lang.String,java.lang.String)
com.indomaret.klikindomaret.MainActivity
com.indomaret.klikindomaret.MainActivity: MainActivity()
com.indomaret.klikindomaret.MainActivity: void onClick(android.view.View)
com.indomaret.klikindomaret.R$anim: int abc_fade_in
com.indomaret.klikindomaret.R$anim: int abc_fade_out
com.indomaret.klikindomaret.R$anim: int abc_grow_fade_in_from_bottom
com.indomaret.klikindomaret.R$anim: int abc_popup_enter
com.indomaret.klikindomaret.R$anim: int abc_popup_exit
com.indomaret.klikindomaret.R$anim: int abc_shrink_fade_out_from_bottom
com.indomaret.klikindomaret.R$anim: int abc_slide_in_bottom
com.indomaret.klikindomaret.R$anim: int abc_slide_in_top
com.indomaret.klikindomaret.R$anim: int abc_slide_out_bottom
com.indomaret.klikindomaret.R$anim: int abc_slide_out_top
com.indomaret.klikindomaret.R$anim: int animation_move
com.indomaret.klikindomaret.R$anim: int back_top_in
com.indomaret.klikindomaret.R$anim: int back_top_out
com.indomaret.klikindomaret.R$anim: int design_bottom_sheet_slide_in
com.indomaret.klikindomaret.R$anim: int design_bottom_sheet_slide_out
com.indomaret.klikindomaret.R$anim: int design_fab_in
com.indomaret.klikindomaret.R$anim: int design_fab_out
com.indomaret.klikindomaret.R$anim: int design_snackbar_in
com.indomaret.klikindomaret.R$anim: int design_snackbar_out
com.indomaret.klikindomaret.R$anim: int left_in
com.indomaret.klikindomaret.R$anim: int left_out
com.indomaret.klikindomaret.R$anim: int right_in
com.indomaret.klikindomaret.R$anim: int right_out
com.indomaret.klikindomaret.R$anim: int top_in
com.indomaret.klikindomaret.R$anim: int top_out
com.indomaret.klikindomaret.R$array: int gendre_array
com.indomaret.klikindomaret.R$array: int profile_menu
com.indomaret.klikindomaret.R$array: int search_mode
com.indomaret.klikindomaret.R$array: int sorting_array
com.indomaret.klikindomaret.R$array: int sorting_history
com.indomaret.klikindomaret.R$array: int sorting_kai
com.indomaret.klikindomaret.R$attr: int actionBarDivider
com.indomaret.klikindomaret.R$attr: int actionBarItemBackground
com.indomaret.klikindomaret.R$attr: int actionBarPopupTheme
com.indomaret.klikindomaret.R$attr: int actionBarSize
com.indomaret.klikindomaret.R$attr: int actionBarSplitStyle
com.indomaret.klikindomaret.R$attr: int actionBarStyle
com.indomaret.klikindomaret.R$attr: int actionBarTabBarStyle
com.indomaret.klikindomaret.R$attr: int actionBarTabStyle
com.indomaret.klikindomaret.R$attr: int actionBarTabTextStyle
com.indomaret.klikindomaret.R$attr: int actionBarTheme
com.indomaret.klikindomaret.R$attr: int actionBarWidgetTheme
com.indomaret.klikindomaret.R$attr: int actionButtonStyle
com.indomaret.klikindomaret.R$attr: int actionDropDownStyle
com.indomaret.klikindomaret.R$attr: int actionLayout
com.indomaret.klikindomaret.R$attr: int actionMenuTextAppearance
com.indomaret.klikindomaret.R$attr: int actionMenuTextColor
com.indomaret.klikindomaret.R$attr: int actionModeBackground
com.indomaret.klikindomaret.R$attr: int actionModeCloseButtonStyle
com.indomaret.klikindomaret.R$attr: int actionModeCloseDrawable
com.indomaret.klikindomaret.R$attr: int actionModeCopyDrawable
com.indomaret.klikindomaret.R$attr: int actionModeCutDrawable
com.indomaret.klikindomaret.R$attr: int actionModeFindDrawable
com.indomaret.klikindomaret.R$attr: int actionModePasteDrawable
com.indomaret.klikindomaret.R$attr: int actionModePopupWindowStyle
...
com.google.android.gms.location.R$dimen: int place_autocomplete_button_padding
com.google.android.gms.location.R$dimen: int place_autocomplete_powered_by_google_height
com.google.android.gms.location.R$dimen: int place_autocomplete_powered_by_google_start
com.google.android.gms.location.R$dimen: int place_autocomplete_prediction_height
com.google.android.gms.location.R$dimen: int place_autocomplete_prediction_horizontal_margin
com.google.android.gms.location.R$dimen: int place_autocomplete_prediction_primary_text
com.google.android.gms.location.R$dimen: int place_autocomplete_prediction_secondary_text
com.google.android.gms.location.R$dimen: int place_autocomplete_progress_horizontal_margin
com.google.android.gms.location.R$dimen: int place_autocomplete_progress_size
com.google.android.gms.location.R$dimen: int place_autocomplete_separator_start
com.google.android.gms.location.R$drawable: int cast_ic_notification_0
com.google.android.gms.location.R$drawable: int cast_ic_notification_1
com.google.android.gms.location.R$drawable: int cast_ic_notification_2
com.google.android.gms.location.R$drawable: int cast_ic_notification_connecting
com.google.android.gms.location.R$drawable: int cast_ic_notification_on
com.google.android.gms.location.R$drawable: int common_full_open_on_phone
com.google.android.gms.location.R$drawable: int common_google_signin_btn_icon_dark
com.google.android.gms.location.R$drawable: int common_google_signin_btn_icon_dark_disabled
com.google.android.gms.location.R$drawable: int common_google_signin_btn_icon_dark_focused
com.google.android.gms.location.R$drawable: int common_google_signin_btn_icon_dark_normal
com.google.android.gms.location.R$drawable: int common_google_signin_btn_icon_dark_pressed
com.google.android.gms.location.R$drawable: int common_google_signin_btn_icon_light
com.google.android.gms.location.R$drawable: int common_google_signin_btn_icon_light_disabled
com.google.android.gms.location.R$drawable: int common_google_signin_btn_icon_light_focused
com.google.android.gms.location.R$drawable: int common_google_signin_btn_icon_light_normal
com.google.android.gms.location.R$drawable: int common_google_signin_btn_icon_light_pressed
com.google.android.gms.location.R$drawable: int common_google_signin_btn_text_dark
com.google.android.gms.location.R$id: int adjust_height
com.google.android.gms.location.R$id: int adjust_width
com.google.android.gms.location.R$id: int android_pay
com.google.android.gms.location.R$id: int android_pay_dark
com.google.android.gms.location.R$id: int android_pay_light
com.google.android.gms.location.R$id: int android_pay_light_with_border
com.google.android.gms.location.R$id: int auto
com.google.android.gms.location.R$id: int book_now
com.google.android.gms.location.R$id: int buyButton
com.google.android.gms.location.R$id: int buy_now
com.google.android.gms.location.R$id: int buy_with
com.google.android.gms.location.R$id: int buy_with_google
com.google.android.gms.location.R$id: int cast_notification_id
com.google.android.gms.location.R$id: int classic
com.google.android.gms.location.R$id: int dark
com.google.android.gms.location.R$id: int donate_with
com.google.android.gms.location.R$id: int donate_with_google
com.google.android.gms.location.R$id: int google_wallet_classic
com.google.android.gms.location.R$id: int google_wallet_grayscale
com.google.android.gms.location.R$id: int google_wallet_monochrome
com.google.android.gms.location.R$id: int grayscale
com.google.android.gms.location.R$id: int holo_dark
com.google.android.gms.location.R$id: int holo_light
com.google.android.gms.location.R$id: int hybrid
com.google.android.gms.location.R$id: int icon_only
com.google.android.gms.location.R$id: int light
com.google.android.gms.location.R$id: int logo_only
com.google.android.gms.location.R$integer: int google_play_services_version