MyApplication/app/build/outputs/mapping/release/mapping.txt
com.indomaret.klikindomaret.API -> com.indomaret.klikindomaret.a:
    com.indomaret.klikindomaret.API sInstance -> a
    java.lang.String API_BASE_URL -> b
    java.lang.String API_BASE_KAI_URL -> c
    java.lang.String ASSETS_BASE_URL -> d
    java.lang.String WEB_BASE_URL -> e
    java.lang.String CARA_MEMESAN_URL -> f
    java.lang.String STATUS_PESANAN -> g
    java.lang.String CATEGORY_URL -> h
    java.lang.String CAKUPAN_KODE_POS_URL -> i
    java.lang.String TANYA_JAWAB_URL -> j
    java.lang.String TENTANG_KAMI_URL -> k
    java.lang.String KEBIJAKAN_URL -> l
    java.lang.String MEREK_PILIHAN_URL -> m
    java.lang.String PROMO_BULAN_INI_URL -> n
    java.lang.String LAYANAN_PELANGGAN -> o
    java.lang.String KERANJANG_URL -> p
    java.lang.String LOGIN_URL -> q
    java.lang.String AKUN_URL -> r
    java.lang.String KEBIJAKAN_PENGEMBALIAN_URL -> s
    java.lang.String SYARAT_DAN_KETENTUAN -> t
    java.lang.String SITEMAP_URL -> u
    java.lang.String WISHLIST -> v
    java.lang.String CHAT_BANTUAN -> w
    java.lang.String PAYMENT -> x
    java.lang.String API_GET_VIRTUAL -> y
    java.lang.String API_GET_PAGGING_NO_CACHE -> z
    java.lang.String API_GET_PAGING_NO_CACHE -> A
    java.lang.String INFO_PAYMENT_URL -> B
    java.lang.String URL_YAHOO -> C
    java.lang.String API_LOGIN -> D
    java.lang.String API_REGISTRATION_MOBILE -> E
    java.lang.String API_FORGOT_PASSWORD_MOBILE -> F
    java.lang.String API_UPDATE_PASSWORD_MOBILE -> G
com.indomaret.klikindomaret.MainActivity -> com.indomaret.klikindomaret.MainActivity:
    android.support.v4.widget.DrawerLayout drawer -> r
    pl.openrnd.multilevellistview.MultiLevelListView mListView -> s
    boolean mAlwaysExpandend -> t
    boolean status -> m
    com.indomaret.klikindomaret.data.DataProvider dataProvider -> u
    android.content.Intent intent -> v
    com.google.android.gms.common.api.GoogleApiClient client -> w
    android.content.Context klikContext -> n
    int totalItemInCart -> x
    java.lang.String url -> y
    java.lang.String versionApp -> z
    android.content.pm.PackageInfo pinfo -> A
    android.view.Menu topMenu -> o
    android.support.v7.widget.Toolbar toolbar -> B
    android.support.v4.app.FragmentManager fragmentManager -> C
    com.indomaret.klikindomaret.helper.SessionManager sessionManager -> D
    com.indomaret.klikindomaret.helper.SQLiteHandler sqLiteHandler -> E
    java.lang.String TAG -> F
    android.content.BroadcastReceiver mRegistrationBroadcastReceiver -> G
    android.widget.LinearLayout pager_indicator -> H
    android.widget.LinearLayout linearParent -> I
    android.widget.RelativeLayout preloader -> J
    com.indomaret.klikindomaret.views.HeightAdjustableListView searchListview -> K
    android.widget.Button editRegion -> L
    android.widget.GridView gridBrand -> M
    android.widget.ImageView scannerView -> N
    android.widget.ImageView imageDefault -> O
    android.widget.ImageView[] dots -> P
com.indomaret.klikindomaret.MainActivity$1 -> com.indomaret.klikindomaret.MainActivity$1:
    com.indomaret.klikindomaret.MainActivity this$0 -> a
    void <init>(com.indomaret.klikindomaret.MainActivity) -> <init>
    void onClick(android.view.View) -> onClick
com.indomaret.klikindomaret.MainActivity$10 -> com.indomaret.klikindomaret.MainActivity$2:
    com.indomaret.klikindomaret.MainActivity this$0 -> a
    void <init>(com.indomaret.klikindomaret.MainActivity) -> <init>
    void onClick(android.view.View) -> onClick
com.indomaret.klikindomaret.MainActivity$10$1 -> com.indomaret.klikindomaret.MainActivity$2$1:
    com.indomaret.klikindomaret.MainActivity$10 this$1 -> a
    void <init>(com.indomaret.klikindomaret.MainActivity$10) -> <init>
    void onItemSelected(android.widget.AdapterView,android.view.View,int,long) -> onItemSelected
    void onNothingSelected(android.widget.AdapterView) -> onNothingSelected
...
com.android.volley.toolbox.ImageLoader$BatchedImageRequest -> com.android.volley.toolbox.h$a:
    com.android.volley.Request mRequest -> b
    android.graphics.Bitmap mResponseBitmap -> c
    com.android.volley.VolleyError mError -> d
    java.util.LinkedList mContainers -> e
    com.android.volley.toolbox.ImageLoader this$0 -> a
    void <init>(com.android.volley.toolbox.ImageLoader,com.android.volley.Request,com.android.volley.toolbox.ImageLoader$ImageContainer) -> <init>
    void setError(com.android.volley.VolleyError) -> a
    com.android.volley.VolleyError getError() -> a
    void addContainer(com.android.volley.toolbox.ImageLoader$ImageContainer) -> a
    boolean removeContainerAndCancelIfNecessary(com.android.volley.toolbox.ImageLoader$ImageContainer) -> b
    android.graphics.Bitmap access$002(com.android.volley.toolbox.ImageLoader$BatchedImageRequest,android.graphics.Bitmap) -> a
    java.util.LinkedList access$300(com.android.volley.toolbox.ImageLoader$BatchedImageRequest) -> a
    android.graphics.Bitmap access$000(com.android.volley.toolbox.ImageLoader$BatchedImageRequest) -> b
com.android.volley.toolbox.ImageLoader$ImageCache -> com.android.volley.toolbox.h$b:
    android.graphics.Bitmap getBitmap(java.lang.String) -> a
    void putBitmap(java.lang.String,android.graphics.Bitmap) -> a
com.android.volley.toolbox.ImageLoader$ImageContainer -> com.android.volley.toolbox.h$c:
    android.graphics.Bitmap mBitmap -> b
    com.android.volley.toolbox.ImageLoader$ImageListener mListener -> c
    java.lang.String mCacheKey -> d
    java.lang.String mRequestUrl -> e
    com.android.volley.toolbox.ImageLoader this$0 -> a
    void <init>(com.android.volley.toolbox.ImageLoader,android.graphics.Bitmap,java.lang.String,java.lang.String,com.android.volley.toolbox.ImageLoader$ImageListener) -> <init>
    void cancelRequest() -> a
    android.graphics.Bitmap getBitmap() -> b
    java.lang.String getRequestUrl() -> c
    com.android.volley.toolbox.ImageLoader$ImageListener access$400(com.android.volley.toolbox.ImageLoader$ImageContainer) -> a
    android.graphics.Bitmap access$502(com.android.volley.toolbox.ImageLoader$ImageContainer,android.graphics.Bitmap) -> a
com.android.volley.toolbox.ImageLoader$ImageListener -> com.android.volley.toolbox.h$d:
    void onResponse(com.android.volley.toolbox.ImageLoader$ImageContainer,boolean) -> a
com.android.volley.toolbox.ImageRequest -> com.android.volley.toolbox.i:
    com.android.volley.Response$Listener mListener -> a
    android.graphics.Bitmap$Config mDecodeConfig -> b
    int mMaxWidth -> c
    int mMaxHeight -> d
    android.widget.ImageView$ScaleType mScaleType -> e
    java.lang.Object sDecodeLock -> f
    void <init>(java.lang.String,com.android.volley.Response$Listener,int,int,android.widget.ImageView$ScaleType,android.graphics.Bitmap$Config,com.android.volley.Response$ErrorListener) -> <init>
    com.android.volley.Request$Priority getPriority() -> r
    int getResizedDimension(int,int,int,int,android.widget.ImageView$ScaleType) -> a
    com.android.volley.Response parseNetworkResponse(com.android.volley.NetworkResponse) -> a
    com.android.volley.Response doParse(com.android.volley.NetworkResponse) -> b
    void deliverResponse(android.graphics.Bitmap) -> a
    int findBestSampleSize(int,int,int,int) -> a
    void deliverResponse(java.lang.Object) -> b
    void <clinit>() -> <clinit>
com.android.volley.toolbox.JsonArrayRequest -> com.android.volley.toolbox.j:
    android.app.Activity activity -> a
    void <init>(java.lang.String,com.android.volley.Response$Listener,com.android.volley.Response$ErrorListener,android.app.Activity) -> <init>
    void <init>(int,java.lang.String,org.json.JSONArray,com.android.volley.Response$Listener,com.android.volley.Response$ErrorListener) -> <init>
    com.android.volley.Response parseNetworkResponse(com.android.volley.NetworkResponse) -> a