MyApplication/app/build/outputs/mapping/release/usage.txt
com.indomaret.klikindomaret.API:
    413:413:public java.lang.String getWebCategoryUrl()
    415:415:public java.lang.String getStatusPesananUrl()
    416:416:public java.lang.String getCakupanKodePosUrl()
    421:421:public java.lang.String getMerekPilihanUrl()
    423:423:public java.lang.String getKeranjangUrl()
    424:424:public java.lang.String getAkunUrl()
    427:427:public java.lang.String getSitemapUrl()
    428:428:public java.lang.String getWishlistUrl()
    431:431:public java.lang.String getYahooUrl()
    444:444:public java.lang.String getApiPagingNoCache()
    446:446:public java.lang.String getApiBrandBySearchKey()
    448:448:public java.lang.String getApiVoucherGameOnline()
    458:458:public java.lang.String getApiAvailableSizeFromColor()
    469:469:public java.lang.String getApiIPPGetRegion()
    470:470:public java.lang.String getApiIPPGetStore()
    473:473:public java.lang.String getApiIPPGetStoreByStoreCode()
    493:493:public java.lang.String getApiThreeSalesOrder()
    494:494:public java.lang.String getApiSearchStatusOrder()
    495:495:public java.lang.String getApiStatusOrderById()
    496:496:public java.lang.String getApiStoreById()
    505:505:public java.lang.String getApiCheckStockOnline()
    506:506:public java.lang.String getApiDeleteCart()
    510:510:public java.lang.String getApiStoreByRegion()
    517:517:public java.lang.String getApiAddCoupon()
    519:519:public java.lang.String getApiAddVoucher()
com.indomaret.klikindomaret.BuildConfig
com.indomaret.klikindomaret.JSInterface
com.indomaret.klikindomaret.JSInterface$1
com.indomaret.klikindomaret.MainActivity:
    public android.webkit.WebView mainWebview
    private static final int PERMISSIONS_REQUEST_CALL_PHONE
    private static final int PLAY_SERVICES_RESOLUTION_REQUEST
    private static final int LOCATION_PERMISSION_REQUEST_CODE
    1115:1116:public void backToHome()
    1819:1837:public static android.view.View getToolbarLogoIcon(android.support.v7.widget.Toolbar)
    2028:2029:public boolean isConnectedToInternet()
    2384:2448:public void stringRequest(java.lang.String)
com.indomaret.klikindomaret.MainActivity$34
com.indomaret.klikindomaret.MainActivity$34$1
com.indomaret.klikindomaret.MainActivity$35
com.indomaret.klikindomaret.MainActivity$35$1
com.indomaret.klikindomaret.MainActivity$ReverseGeocodingTask
com.indomaret.klikindomaret.Manifest
com.indomaret.klikindomaret.Manifest$permission
com.indomaret.klikindomaret.R
com.indomaret.klikindomaret.R$anim
com.indomaret.klikindomaret.R$array
com.indomaret.klikindomaret.R$attr
com.indomaret.klikindomaret.R$bool
com.indomaret.klikindomaret.R$color
com.indomaret.klikindomaret.R$dimen
com.indomaret.klikindomaret.R$drawable
com.indomaret.klikindomaret.R$id
com.indomaret.klikindomaret.R$integer
com.indomaret.klikindomaret.R$layout
com.indomaret.klikindomaret.R$menu
com.indomaret.klikindomaret.R$mipmap
com.indomaret.klikindomaret.R$raw
com.indomaret.klikindomaret.R$string
com.indomaret.klikindomaret.R$style
com.indomaret.klikindomaret.R$styleable
com.indomaret.klikindomaret.R$xml
com.indomaret.klikindomaret.activity.ActivationAccountActivity:
    private android.support.v7.widget.Toolbar toolbar
    private static final int READ_CONTACT_REQUEST_CODE
com.indomaret.klikindomaret.activity.AddAdressActivity:
    protected com.google.android.gms.maps.SupportMapFragment mapFragment
    private static final long UPDATE_INTERVAL_IN_MILLISECONDS
    private static final long FASTEST_UPDATE_INTERVAL_IN_MILLISECONDS
    private static final int LOCATION_PERMISSION_REQUEST_CODE
    protected static final int REQUEST_CHECK_SETTINGS
com.indomaret.klikindomaret.activity.BaseScannerActivity:
    13:20:public void setupToolbar()
...
com.google.android.gms.games.internal.api.SnapshotsImpl$5
com.google.android.gms.games.internal.api.SnapshotsImpl$6
com.google.android.gms.games.internal.api.SnapshotsImpl$CommitImpl
com.google.android.gms.games.internal.api.SnapshotsImpl$CommitImpl$1
com.google.android.gms.games.internal.api.SnapshotsImpl$DeleteImpl
com.google.android.gms.games.internal.api.SnapshotsImpl$DeleteImpl$1
com.google.android.gms.games.internal.api.SnapshotsImpl$LoadImpl
com.google.android.gms.games.internal.api.SnapshotsImpl$LoadImpl$1
com.google.android.gms.games.internal.api.SnapshotsImpl$OpenImpl
com.google.android.gms.games.internal.api.SnapshotsImpl$OpenImpl$1
com.google.android.gms.games.internal.api.StatsImpl
com.google.android.gms.games.internal.api.StatsImpl$1
com.google.android.gms.games.internal.api.StatsImpl$LoadsImpl
com.google.android.gms.games.internal.api.StatsImpl$LoadsImpl$1
com.google.android.gms.games.internal.api.TurnBasedMultiplayerImpl
com.google.android.gms.games.internal.api.TurnBasedMultiplayerImpl$1
com.google.android.gms.games.internal.api.TurnBasedMultiplayerImpl$10
com.google.android.gms.games.internal.api.TurnBasedMultiplayerImpl$11
com.google.android.gms.games.internal.api.TurnBasedMultiplayerImpl$12
com.google.android.gms.games.internal.api.TurnBasedMultiplayerImpl$13
com.google.android.gms.games.internal.api.TurnBasedMultiplayerImpl$2
com.google.android.gms.games.internal.api.TurnBasedMultiplayerImpl$3
com.google.android.gms.games.internal.api.TurnBasedMultiplayerImpl$4
com.google.android.gms.games.internal.api.TurnBasedMultiplayerImpl$5
com.google.android.gms.games.internal.api.TurnBasedMultiplayerImpl$6
com.google.android.gms.games.internal.api.TurnBasedMultiplayerImpl$7
com.google.android.gms.games.internal.api.TurnBasedMultiplayerImpl$8
com.google.android.gms.games.internal.api.TurnBasedMultiplayerImpl$9
com.google.android.gms.games.internal.api.TurnBasedMultiplayerImpl$CancelMatchImpl
com.google.android.gms.games.internal.api.TurnBasedMultiplayerImpl$CancelMatchImpl$1
com.google.android.gms.games.internal.api.TurnBasedMultiplayerImpl$InitiateMatchImpl
com.google.android.gms.games.internal.api.TurnBasedMultiplayerImpl$InitiateMatchImpl$1
com.google.android.gms.games.internal.api.TurnBasedMultiplayerImpl$LeaveMatchImpl
com.google.android.gms.games.internal.api.TurnBasedMultiplayerImpl$LeaveMatchImpl$1
com.google.android.gms.games.internal.api.TurnBasedMultiplayerImpl$LoadMatchImpl
com.google.android.gms.games.internal.api.TurnBasedMultiplayerImpl$LoadMatchImpl$1
com.google.android.gms.games.internal.api.TurnBasedMultiplayerImpl$LoadMatchesImpl
com.google.android.gms.games.internal.api.TurnBasedMultiplayerImpl$LoadMatchesImpl$1
com.google.android.gms.games.internal.api.TurnBasedMultiplayerImpl$UpdateMatchImpl
com.google.android.gms.games.internal.api.TurnBasedMultiplayerImpl$UpdateMatchImpl$1
com.google.android.gms.games.internal.api.VideosImpl
com.google.android.gms.games.internal.api.VideosImpl$1
com.google.android.gms.games.internal.api.VideosImpl$2
com.google.android.gms.games.internal.api.VideosImpl$3
com.google.android.gms.games.internal.api.VideosImpl$4
com.google.android.gms.games.internal.api.VideosImpl$AvailableImpl
com.google.android.gms.games.internal.api.VideosImpl$AvailableImpl$1
com.google.android.gms.games.internal.api.VideosImpl$CapabilitiesImpl
com.google.android.gms.games.internal.api.VideosImpl$CapabilitiesImpl$1
com.google.android.gms.games.internal.api.VideosImpl$ListImpl
com.google.android.gms.games.internal.api.VideosImpl$ListImpl$1
com.google.android.gms.games.internal.constants.AchievementState
com.google.android.gms.games.internal.constants.AchievementType
com.google.android.gms.games.internal.constants.Capability
com.google.android.gms.games.internal.constants.EventVisibility
com.google.android.gms.games.internal.constants.ExperienceEventType
com.google.android.gms.games.internal.constants.GameBadgeType
com.google.android.gms.games.internal.constants.LeaderboardCollection